[0.020s] Invoking command in '/home/wtr/programs/cpp/ros2/jaka/src/build/user_commands': CMAKE_PREFIX_PATH=/home/wtr/programs/cpp/ros2/jaka/src/install/jaka_msgs:/home/wtr/programs/cpp/ros2/jaka/src/install/user_commands:/home/wtr/programs/cpp/ros2/jaka/src/install/jaka_zu5_moveit_config:/home/wtr/programs/cpp/ros2/jaka/src/install/jaka_planner:/home/wtr/programs/cpp/ros2/jaka/src/install/jaka_driver:/home/wtr/programs/cpp/ros2/jaka/src/install/jaka_description:/opt/ros/humble /usr/bin/cmake --build /home/wtr/programs/cpp/ros2/jaka/src/build/user_commands -- -j8 -l8
[0.101s] [ 50%] [32mBuilding CXX object CMakeFiles/my_moveit.dir/src/my_moveit.cpp.o[0m
[0.765s] [01m[K/home/wtr/programs/cpp/ros2/jaka/src/user_commands/src/my_moveit.cpp:4:10:[m[K [01;31m[Kfatal error: [m[Kexample_interfaces/msg/bool.hpp: æ²¡æœ‰é‚£ä¸ªæ–‡ä»¶æˆ–ç›®å½•
[0.765s]     4 | #include [01;31m[K<example_interfaces/msg/bool.hpp>[m[K
[0.765s]       |          [01;31m[K^~~~~~~~~~~~~~~~~~~~~~~~~~~~~~~~~[m[K
[0.765s] compilation terminated.
[0.774s] gmake[2]: *** [CMakeFiles/my_moveit.dir/build.make:76ï¼šCMakeFiles/my_moveit.dir/src/my_moveit.cpp.o] é”™è¯¯ 1
[0.774s] gmake[1]: *** [CMakeFiles/Makefile2:137ï¼šCMakeFiles/my_moveit.dir/all] é”™è¯¯ 2
[0.775s] gmake: *** [Makefile:146ï¼šall] é”™è¯¯ 2
[0.779s] Invoked command in '/home/wtr/programs/cpp/ros2/jaka/src/build/user_commands' returned '2': CMAKE_PREFIX_PATH=/home/wtr/programs/cpp/ros2/jaka/src/install/jaka_msgs:/home/wtr/programs/cpp/ros2/jaka/src/install/user_commands:/home/wtr/programs/cpp/ros2/jaka/src/install/jaka_zu5_moveit_config:/home/wtr/programs/cpp/ros2/jaka/src/install/jaka_planner:/home/wtr/programs/cpp/ros2/jaka/src/install/jaka_driver:/home/wtr/programs/cpp/ros2/jaka/src/install/jaka_description:/opt/ros/humble /usr/bin/cmake --build /home/wtr/programs/cpp/ros2/jaka/src/build/user_commands -- -j8 -l8
