[0.011s] Invoking command in '/home/wtr/programs/cpp/ros2/jaka/src/build/jaka_msgs': CMAKE_PREFIX_PATH=/opt/ros/humble /usr/bin/cmake --build /home/wtr/programs/cpp/ros2/jaka/src/build/jaka_msgs -- -j8 -l8
[0.036s] -- Found ament_cmake: 1.3.12 (/opt/ros/humble/share/ament_cmake/cmake)
[0.124s] -- Override CMake install command with custom implementation using symlinks instead of copying resources
[0.131s] -- Found rosidl_default_generators: 1.2.0 (/opt/ros/humble/share/rosidl_default_generators/cmake)
[0.132s] -- Using all available rosidl_typesupport_c: rosidl_typesupport_fastrtps_c;rosidl_typesupport_introspection_c
[0.134s] -- Found rosidl_adapter: 3.1.7 (/opt/ros/humble/share/rosidl_adapter/cmake)
[0.154s] -- Using all available rosidl_typesupport_cpp: rosidl_typesupport_fastrtps_cpp;rosidl_typesupport_introspection_cpp
[0.170s] -- Found std_msgs: 4.9.0 (/opt/ros/humble/share/std_msgs/cmake)
[0.183s] -- Found rclcpp: 16.0.15 (/opt/ros/humble/share/rclcpp/cmake)
[0.199s] -- Found rmw_implementation_cmake: 6.1.2 (/opt/ros/humble/share/rmw_implementation_cmake/cmake)
[0.200s] -- Found rmw_fastrtps_cpp: 6.2.9 (/opt/ros/humble/share/rmw_fastrtps_cpp/cmake)
[0.275s] -- Using RMW implementation 'rmw_fastrtps_cpp' as default
[0.311s] -- Found std_srvs: 4.9.0 (/opt/ros/humble/share/std_srvs/cmake)
[0.489s] [31mCMake Error at /opt/ros/humble/share/rosidl_adapter/cmake/rosidl_adapt_interfaces.cmake:59 (message):
[0.489s]   execute_process(/usr/bin/python3 -m rosidl_adapter --package-name jaka_msgs
[0.489s]   --arguments-file
[0.489s]   /home/wtr/programs/cpp/ros2/jaka/src/build/jaka_msgs/rosidl_adapter__arguments__jaka_msgs.json
[0.489s]   --output-dir
[0.489s]   /home/wtr/programs/cpp/ros2/jaka/src/build/jaka_msgs/rosidl_adapter/jaka_msgs
[0.489s]   --output-file
[0.490s]   /home/wtr/programs/cpp/ros2/jaka/src/build/jaka_msgs/rosidl_adapter/jaka_msgs.idls)
[0.490s]   returned error code 1:
[0.490s] 
[0.490s]   Traceback (most recent call last):
[0.490s] 
[0.490s]     File "/usr/lib/python3.10/runpy.py", line 196, in _run_module_as_main
[0.490s]       return _run_code(code, main_globals, None,
[0.490s]     File "/usr/lib/python3.10/runpy.py", line 86, in _run_code
[0.490s]       exec(code, run_globals)
[0.490s]     File "/opt/ros/humble/local/lib/python3.10/dist-packages/rosidl_adapter/__main__.py", line 19, in <module>
[0.490s]       sys.exit(main())
[0.490s]     File "/opt/ros/humble/local/lib/python3.10/dist-packages/rosidl_adapter/main.py", line 53, in main
[0.490s]       abs_idl_file = convert_to_idl(
[0.490s]     File "/opt/ros/humble/local/lib/python3.10/dist-packages/rosidl_adapter/__init__.py", line 19, in convert_to_idl
[0.490s]       return convert_msg_to_idl(
[0.490s]     File "/opt/ros/humble/local/lib/python3.10/dist-packages/rosidl_adapter/msg/__init__.py", line 28, in convert_msg_to_idl
[0.490s]       msg = parse_message_string(package_name, input_file.stem, content)
[0.490s]     File "/opt/ros/humble/local/lib/python3.10/dist-packages/rosidl_adapter/parser.py", line 544, in parse_message_string
[0.490s]       msg = MessageSpecification(pkg_name, msg_name, fields, constants)
[0.490s]     File "/opt/ros/humble/local/lib/python3.10/dist-packages/rosidl_adapter/parser.py", line 388, in __init__
[0.490s]       self.base_type = BaseType(
[0.490s]     File "/opt/ros/humble/local/lib/python3.10/dist-packages/rosidl_adapter/parser.py", line 205, in __init__
[0.491s]       raise InvalidResourceName(
[0.491s] 
[0.491s]   rosidl_adapter.parser.InvalidResourceName: 'my_pose_cmd' is an invalid
[0.491s]   message name.  It should have the pattern '^[A-Z][A-Za-z0-9]*$'
[0.491s] 
[0.491s] Call Stack (most recent call first):
[0.491s]   /opt/ros/humble/share/rosidl_cmake/cmake/rosidl_generate_interfaces.cmake:130 (rosidl_adapt_interfaces)
[0.491s]   CMakeLists.txt:18 (rosidl_generate_interfaces)
[0.491s] 
[0.491s] [0m
[0.491s] -- Configuring incomplete, errors occurred!
[0.491s] See also "/home/wtr/programs/cpp/ros2/jaka/src/build/jaka_msgs/CMakeFiles/CMakeOutput.log".
[0.496s] gmake: *** [Makefile:3339ï¼šcmake_check_build_system] é”™è¯¯ 1
[0.499s] Invoked command in '/home/wtr/programs/cpp/ros2/jaka/src/build/jaka_msgs' returned '2': CMAKE_PREFIX_PATH=/opt/ros/humble /usr/bin/cmake --build /home/wtr/programs/cpp/ros2/jaka/src/build/jaka_msgs -- -j8 -l8
